nohup: ignoring input
openjdk version "17.0.19" 2026-04-21
OpenJDK Runtime Environment (build 17.0.19+10-1-24.04.2-Ubuntu)
OpenJDK 64-Bit Server VM (build 17.0.19+10-1-24.04.2-Ubuntu, mixed mode, sharing)
Starting a Gradle Daemon, 3 busy and 1 incompatible and 1 stopped Daemons could not be reused, use --status for details
Exception in thread "DisconnectableInputStream source reader" org.gradle.api.UncheckedIOException: java.io.IOException: Bad file descriptor
	at org.gradle.internal.UncheckedException.throwAsUncheckedException(UncheckedException.java:62)
	at org.gradle.internal.UncheckedException.throwAsUncheckedException(UncheckedException.java:41)
	at org.gradle.util.internal.DisconnectableInputStream$1.run(DisconnectableInputStream.java:127)
	at java.base/java.lang.Thread.run(Thread.java:840)
Caused by: java.io.IOException: Bad file descriptor
	at java.base/java.io.FileInputStream.readBytes(Native Method)
	at java.base/java.io.FileInputStream.read(FileInputStream.java:276)
	at java.base/java.io.BufferedInputStream.read1(BufferedInputStream.java:282)
	at java.base/java.io.BufferedInputStream.read(BufferedInputStream.java:343)
	at org.gradle.util.internal.DisconnectableInputStream$1.run(DisconnectableInputStream.java:98)
	... 1 more

> Configure project :app
WARNING: The option setting 'android.enableDexingArtifactTransform=false' is deprecated.
The current default is 'true'.
It will be removed in version 8.2 of the Android Gradle plugin.

> Task :app:preBuild UP-TO-DATE
> Task :app:preDebugBuild UP-TO-DATE
> Task :app:mergeDebugNativeDebugMetadata NO-SOURCE
> Task :app:checkDebugAarMetadata
> Task :app:checkDebugAarMetadata FAILED

FAILURE: Build failed with an exception.

* What went wrong:
Execution failed for task ':app:checkDebugAarMetadata'.
> A build operation failed.
      Timeout waiting to lock Artifact transforms cache (/home/agent-android-developer/.gradle/caches/transforms-3). It is currently in use by another Gradle instance.
  Owner PID: 54774
  Our PID: 55165
  Owner Operation: 
  Our operation: 
  Lock file: /home/agent-android-developer/.gradle/caches/transforms-3/transforms-3.lock
   > Timeout waiting to lock Artifact transforms cache (/home/agent-android-developer/.gradle/caches/transforms-3). It is currently in use by another Gradle instance.
     Owner PID: 54774
     Our PID: 55165
     Owner Operation: 
     Our operation: 
     Lock file: /home/agent-android-developer/.gradle/caches/transforms-3/transforms-3.lock

* Try:
> Run with --stacktrace option to get the stack trace.
> Run with --info or --debug option to get more log output.
> Run with --scan to get full insights.

* Get more help at https://help.gradle.org

BUILD FAILED in 4m 55s
1 actionable task: 1 executed
